VCD info: dumpfile sim/results/tb_top.vcd opened for output.

========== Integration Test: Register Check ==========
  PASS [0]: x0 = 0 (0x00000000)
  PASS [1]: x1 = 10 (0x0000000a)
  PASS [2]: x2 = 20 (0x00000014)
  PASS [3]: x3 = 30 (0x0000001e)
  PASS [4]: x4 = 20 (0x00000014)
  PASS [5]: x5 = 0 (0x00000000)
  PASS [6]: x6 = 30 (0x0000001e)
  PASS [7]: x7 = 30 (0x0000001e)
  PASS [8]: x8 = 40 (0x00000028)
  PASS [9]: x9 = 0 (0x00000000)
  PASS [10]: x10 = 55 (0x00000037)
  PASS [11]: x11 = 52 (0x00000034)
  PASS [12]: x12 = 0 (0x00000000)
  PASS [13]: x13 = 0 (0x00000000)
  PASS [14]: x14 = 42 (0x0000002a)

========== Integration Test: Memory Check ==========
  PASS [15]: dmem[0] = 30

========== Integration Test: 79 cycles, 16 PASSED, 0 FAILED ==========

ALL PASS
